D:\DATA\BS2_SN\HSTAEDELIN\11. TP_OPENGL-07-01-2019\TETE\HEAD\HEAD\DEBUG\HEAD.PCH
D:\DATA\BS2_SN\HSTAEDELIN\11. TP_OPENGL-07-01-2019\TETE\HEAD\HEAD\DEBUG\STDAFX.OBJ
D:\DATA\BS2_SN\HSTAEDELIN\11. TP_OPENGL-07-01-2019\TETE\HEAD\HEAD\DEBUG\VC110.PDB
D:\DATA\BS2_SN\HSTAEDELIN\11. TP_OPENGL-07-01-2019\TETE\HEAD\HEAD\DEBUG\FACE.OBJ
D:\DATA\BS2_SN\HSTAEDELIN\11. TP_OPENGL-07-01-2019\TETE\HEAD\HEAD\DEBUG\TESTFACE.OBJ
D:\DATA\BS2_SN\HSTAEDELIN\11. TP_OPENGL-07-01-2019\TETE\HEAD\DEBUG\HEAD.ILK
D:\DATA\BS2_SN\HSTAEDELIN\11. TP_OPENGL-07-01-2019\TETE\HEAD\DEBUG\HEAD.EXE
D:\DATA\BS2_SN\HSTAEDELIN\11. TP_OPENGL-07-01-2019\TETE\HEAD\DEBUG\HEAD.PDB
D:\DATA\BS2_SN\hstaedelin\11. tp_opengl-07-01-2019\Tete\Head\Head\Debug\Face.obj
D:\DATA\BS2_SN\hstaedelin\11. tp_opengl-07-01-2019\Tete\Head\Head\Debug\stdafx.obj
D:\DATA\BS2_SN\hstaedelin\11. tp_opengl-07-01-2019\Tete\Head\Head\Debug\testFace.obj
D:\DATA\BS2_SN\hstaedelin\11. tp_opengl-07-01-2019\Tete\Head\Head\Debug\cl.command.1.tlog
D:\DATA\BS2_SN\hstaedelin\11. tp_opengl-07-01-2019\Tete\Head\Head\Debug\CL.read.1.tlog
D:\DATA\BS2_SN\hstaedelin\11. tp_opengl-07-01-2019\Tete\Head\Head\Debug\CL.write.1.tlog
D:\DATA\BS2_SN\hstaedelin\11. tp_opengl-07-01-2019\Tete\Head\Head\Debug\link-cvtres.read.1.tlog
D:\DATA\BS2_SN\hstaedelin\11. tp_opengl-07-01-2019\Tete\Head\Head\Debug\link-cvtres.write.1.tlog
D:\DATA\BS2_SN\hstaedelin\11. tp_opengl-07-01-2019\Tete\Head\Head\Debug\link-rc.read.1.tlog
D:\DATA\BS2_SN\hstaedelin\11. tp_opengl-07-01-2019\Tete\Head\Head\Debug\link-rc.write.1.tlog
D:\DATA\BS2_SN\hstaedelin\11. tp_opengl-07-01-2019\Tete\Head\Head\Debug\link.command.1.tlog
D:\DATA\BS2_SN\hstaedelin\11. tp_opengl-07-01-2019\Tete\Head\Head\Debug\link.read.1.tlog
D:\DATA\BS2_SN\hstaedelin\11. tp_opengl-07-01-2019\Tete\Head\Head\Debug\link.write.1.tlog
D:\DATA\BS2_SN\hstaedelin\11. tp_opengl-07-01-2019\Tete\Head\Head\Debug\Head.pch
D:\DATA\BS2_SN\hstaedelin\11. tp_opengl-07-01-2019\Tete\Head\Head\Debug\vc110.idb
D:\DATA\BS2_SN\hstaedelin\11. tp_opengl-07-01-2019\Tete\Head\Head\Debug\vc110.pdb
D:\DATA\BS2_SN\hstaedelin\11. tp_opengl-07-01-2019\Tete\Head\Debug\Head.pdb
D:\DATA\BS2_SN\hstaedelin\11. tp_opengl-07-01-2019\Tete\Head\Debug\Head.exe
D:\DATA\BS2_SN\hstaedelin\11. tp_opengl-07-01-2019\Tete\Head\Debug\Head.ilk
